INFO:2019-03-11 11:19:35,947:logger:********* IN LAUNCH INTENT *************
INFO:2019-03-11 11:19:35,950:logger:Welcome to the trt quiz. Game is started
INFO:2019-03-11 11:20:46,326:logger:********* IN LAUNCH INTENT *************
INFO:2019-03-11 11:20:46,328:logger:Welcome to the trt quiz. Game is started
INFO:2019-03-11 11:20:46,329:logger:Welcome to the TRT QUIZ, You are going to face many challenging questions of         GK. First tell me how many players want to play quiz? maximum five players are         allowed at a time.
INFO:2019-03-11 11:22:36,620:logger:********* IN PLAYER COUNT INTENT *************
INFO:2019-03-11 11:22:36,620:logger:players count: -1
INFO:2019-03-11 11:29:28,677:logger:********* IN PLAYER COUNT INTENT *************
INFO:2019-03-11 11:29:28,680:logger:players count: -1
INFO:2019-03-11 11:51:16,221:logger:********* IN PLAYER COUNT INTENT *************
INFO:2019-03-11 11:51:16,222:logger:players count: -1
INFO:2019-03-11 12:25:07,509:logger:********* IN LAUNCH INTENT *************
INFO:2019-03-11 12:25:07,511:logger:Welcome to the trt quiz. Game is started
INFO:2019-03-11 12:25:07,512:logger:Welcome to the TRT QUIZ, You are going to face many challenging questions of         GK. First tell me how many players want to play quiz? maximum five players are         allowed at a time.
INFO:2019-03-11 12:25:25,634:logger:********* IN PLAYER NAME INTENT *************
INFO:2019-03-11 12:25:25,635:logger:players name: Chirag
ERROR:2019-03-11 12:25:25,636:logger:'total_players'
Traceback (most recent call last):
  File "challenges.py", line 60, in handle_players_info
    if quiz_instance.track_player_count():
  File "/home/trt/Projects/alexa/alexa_flask_ask/alexa_challenges/utils.py", line 35, in track_player_count
    return speech_text if not self.attr['total_players'] else None
KeyError: 'total_players'
INFO:2019-03-11 12:28:09,502:logger:********* IN PLAYER NAME INTENT *************
INFO:2019-03-11 12:28:09,506:logger:players name: Chirag
INFO:2019-03-11 12:37:43,533:logger:********* IN LAUNCH INTENT *************
INFO:2019-03-11 12:37:43,534:logger:Welcome to the trt quiz. Game is started
INFO:2019-03-11 12:37:43,534:logger:Welcome to the TRT QUIZ, You are going to face many challenging questions of         GK. First tell me how many players want to play quiz? maximum five players are         allowed at a time.
INFO:2019-03-11 12:37:51,334:logger:********* IN QUIZ BEGIN INTENT *************
ERROR:2019-03-11 12:37:51,334:logger:must be str, not NoneType
Traceback (most recent call last):
  File "challenges.py", line 92, in quiz_beginning
    info_logger('user is ready or not: '+ready_or_not)
TypeError: must be str, not NoneType
INFO:2019-03-11 12:38:11,201:logger:********* IN AMAZON FALLBACK INTENT *************
INFO:2019-03-11 12:39:40,827:logger:********* IN QUESTION ANSWER INTENT *************
INFO:2019-03-11 12:39:40,828:logger:user answer is: option a
INFO:2019-03-11 12:41:01,906:logger:********* IN LAUNCH INTENT *************
INFO:2019-03-11 12:41:01,906:logger:Welcome to the trt quiz. Game is started
INFO:2019-03-11 12:41:01,907:logger:Welcome to the TRT QUIZ, You are going to face many challenging questions of         GK. First tell me how many players want to play quiz? maximum five players are         allowed at a time.
INFO:2019-03-11 12:41:15,715:logger:********* IN PLAYER NAME INTENT *************
INFO:2019-03-11 12:41:36,418:logger:********* IN AMAZON FALLBACK INTENT *************
INFO:2019-03-11 12:42:09,685:logger:********* IN QUESTION ANSWER INTENT *************
INFO:2019-03-11 12:42:09,686:logger:user answer is: option a
INFO:2019-03-11 12:42:25,367:logger:********* IN QUESTION ANSWER INTENT *************
INFO:2019-03-11 12:42:25,368:logger:user answer is: option a
INFO:2019-03-11 12:42:42,877:logger:********* IN PLAYER NAME INTENT *************
